<?xml version="1.0" encoding="UTF-8"?>
<testng-results ignored="1" total="2" passed="1" failed="0" skipped="0">
  <reporter-output>
  </reporter-output>
  <suite started-at="2023-12-15T10:13:37 IST" name="demoblaze" finished-at="2023-12-15T10:13:49 IST" duration-ms="12403">
    <groups>
      <group name="Master">
        <method signature="tc_regis_01.details()[pri:0, instance:testcases.tc_regis_01@771a660]" name="details" class="testcases.tc_regis_01"/>
      </group> <!-- Master -->
      <group name="Smoke">
        <method signature="tc_regis_01.details()[pri:0, instance:testcases.tc_regis_01@771a660]" name="details" class="testcases.tc_regis_01"/>
      </group> <!-- Smoke -->
    </groups>
    <test started-at="2023-12-15T10:13:37 IST" name="Test" finished-at="2023-12-15T10:13:49 IST" duration-ms="12403">
      <class name="testcases.tc_regis_01">
        <test-method is-config="true" signature="setup(java.lang.String)[pri:0, instance:testcases.tc_regis_01@771a660]" started-at="2023-12-15T10:13:37 IST" name="setup" finished-at="2023-12-15T10:13:42 IST" duration-ms="4565" status="PASS">
          <params>
            <param index="0">
              <value>
                <![CDATA[chrome]]>
              </value>
            </param>
          </params>
          <reporter-output>
          </reporter-output>
        </test-method> <!-- setup -->
        <test-method signature="details()[pri:0, instance:testcases.tc_regis_01@771a660]" started-at="2023-12-15T10:13:42 IST" name="details" finished-at="2023-12-15T10:13:49 IST" duration-ms="7550" status="PASS">
          <reporter-output>
          </reporter-output>
        </test-method> <!-- details -->
      </class> <!-- testcases.tc_regis_01 -->
    </test> <!-- Test -->
  </suite> <!-- demoblaze -->
</testng-results>
